#
# A fatal error has been detected by the Java Runtime Environment:
#
#  Internal Error (javaClasses.cpp:129), pid=3951, tid=140346169100032
#  fatal error: Invalid layout of preloaded class
#
# JRE version: 7.0_10-b18
# Java VM: Java HotSpot(TM) 64-Bit Server VM (23.6-b04 mixed mode linux-amd64 compressed oops)
# Failed to write core dump. Core dumps have been disabled. To enable core dumping, try "ulimit -c unlimited" before starting Java again
#
# If you would like to submit a bug report, please visit:
#   http://bugreport.sun.com/bugreport/crash.jsp
#

---------------  T H R E A D  ---------------

Current thread (0x00007fa4dc009000):  JavaThread "Unknown thread" [_thread_in_vm, id=3956, stack(0x00007fa4e37e0000,0x00007fa4e38e1000)]

Stack: [0x00007fa4e37e0000,0x00007fa4e38e1000],  sp=0x00007fa4e38df7e0,  free space=1021k
Native frames: (J=compiled Java code, j=interpreted, Vv=VM code, C=native code)
V  [libjvm.so+0x8a531a]  VMError::report_and_die()+0x2ea
V  [libjvm.so+0x40aeb9]  report_fatal(char const*, int, char const*)+0x59
V  [libjvm.so+0x5558f7]  compute_offset(int&, klassOopDesc*, Symbol*, Symbol*, bool)+0x137
V  [libjvm.so+0x556ab9]  java_lang_String::compute_offsets()+0x39
V  [libjvm.so+0x8343d3]  SystemDictionary::initialize_preloaded_classes(Thread*)+0x143
V  [libjvm.so+0x880514]  Universe::genesis(Thread*)+0x474
V  [libjvm.so+0x8809c4]  universe2_init()+0x24
V  [libjvm.so+0x503d0d]  init_globals()+0xbd
V  [libjvm.so+0x866f62]  Threads::create_vm(JavaVMInitArgs*, bool*)+0x1e2
V  [libjvm.so+0x563bc4]  JNI_CreateJavaVM+0x74
C  [libjli.so+0x2f8e]  JavaMain+0x9e


---------------  P R O C E S S  ---------------

Java Threads: ( => current thread )

Other Threads:

=>0x00007fa4dc009000 (exited) JavaThread "Unknown thread" [_thread_in_vm, id=3956, stack(0x00007fa4e37e0000,0x00007fa4e38e1000)]

VM state:not at safepoint (not fully initialized)

VM Mutex/Monitor currently owned by a thread: None

GC Heap History (0 events):
No events

Deoptimization events (0 events):
No events

Internal exceptions (0 events):
No events

Events (10 events):
Event: 0.007 loading class 0x00007fa4dc02a9c0 done
Event: 0.007 loading class 0x00007fa4dc02a260 done
Event: 0.007 loading class 0x00007fa4dc02a230
Event: 0.007 loading class 0x00007fa4dc0538a0
Event: 0.007 loading class 0x00007fa4dc0538a0 done
Event: 0.007 loading class 0x00007fa4dc0538e0
Event: 0.007 loading class 0x00007fa4dc0538e0 done
Event: 0.007 loading class 0x00007fa4dc053920
Event: 0.007 loading class 0x00007fa4dc053920 done
Event: 0.007 loading class 0x00007fa4dc02a230 done


Dynamic libraries:
00400000-00401000 r-xp 00000000 08:07 1576962                            /usr/lib/jvm/jdk1.7.0_10/bin/java
00600000-00601000 rw-p 00000000 08:07 1576962                            /usr/lib/jvm/jdk1.7.0_10/bin/java
011fc000-0121d000 rw-p 00000000 00:00 0                                  [heap]
c0400000-c18c0000 rw-p 00000000 00:00 0 
c18c0000-c5600000 rw-p 00000000 00:00 0 
c5600000-c7d10000 rw-p 00000000 00:00 0 
c7d10000-ec760000 rw-p 00000000 00:00 0 
ec760000-edae0000 rw-p 00000000 00:00 0 
edae0000-100000000 rw-p 00000000 00:00 0 
7fa4bc000000-7fa4bc021000 rw-p 00000000 00:00 0 
7fa4bc021000-7fa4c0000000 ---p 00000000 00:00 0 
7fa4c4000000-7fa4c4021000 rw-p 00000000 00:00 0 
7fa4c4021000-7fa4c8000000 ---p 00000000 00:00 0 
7fa4cc000000-7fa4cc021000 rw-p 00000000 00:00 0 
7fa4cc021000-7fa4d0000000 ---p 00000000 00:00 0 
7fa4d2020000-7fa4d4000000 rw-p 00000000 00:00 0 
7fa4d4000000-7fa4d4021000 rw-p 00000000 00:00 0 
7fa4d4021000-7fa4d8000000 ---p 00000000 00:00 0 
7fa4d8808000-7fa4d9000000 rw-p 00000000 00:00 0 
7fa4d9000000-7fa4d9270000 rwxp 00000000 00:00 0 
7fa4d9270000-7fa4dc05d000 rw-p 00000000 00:00 0 
7fa4dc05d000-7fa4e0000000 ---p 00000000 00:00 0 
7fa4e0231000-7fa4e0428000 rw-p 00000000 00:00 0 
7fa4e0428000-7fa4e049e000 r--s 00902000 08:0a 792149                     /home/jinzz/android-sdks/platforms/android-10/android.jar
7fa4e049e000-7fa4e04c6000 rw-p 00000000 00:00 0 
7fa4e04c6000-7fa4e04c7000 ---p 00000000 00:00 0 
7fa4e04c7000-7fa4e05c7000 rw-p 00000000 00:00 0 
7fa4e05c7000-7fa4e05c8000 ---p 00000000 00:00 0 
7fa4e05c8000-7fa4e06c8000 rw-p 00000000 00:00 0 
7fa4e06c8000-7fa4e06c9000 ---p 00000000 00:00 0 
7fa4e06c9000-7fa4e07c9000 rw-p 00000000 00:00 0 
7fa4e07c9000-7fa4e07ca000 ---p 00000000 00:00 0 
7fa4e07ca000-7fa4e08d5000 rw-p 00000000 00:00 0 
7fa4e08d5000-7fa4e08f3000 rw-p 00000000 00:00 0 
7fa4e08f3000-7fa4e0907000 rw-p 00000000 00:00 0 
7fa4e0907000-7fa4e0a2c000 rw-p 00000000 00:00 0 
7fa4e0a2c000-7fa4e0a37000 rw-p 00000000 00:00 0 
7fa4e0a37000-7fa4e0a55000 rw-p 00000000 00:00 0 
7fa4e0a55000-7fa4e0a69000 rw-p 00000000 00:00 0 
7fa4e0a69000-7fa4e0b8d000 rw-p 00000000 00:00 0 
7fa4e0b8d000-7fa4e0b98000 rw-p 00000000 00:00 0 
7fa4e0b98000-7fa4e0c2a000 rw-p 00000000 00:00 0 
7fa4e0c2a000-7fa4e0c2b000 rw-p 00000000 00:00 0 
7fa4e0c2b000-7fa4e0c45000 r-xp 00000000 08:07 1444164                    /usr/lib/jvm/jdk1.7.0_10/jre/lib/amd64/libzip.so
7fa4e0c45000-7fa4e0e45000 ---p 0001a000 08:07 1444164                    /usr/lib/jvm/jdk1.7.0_10/jre/lib/amd64/libzip.so
7fa4e0e45000-7fa4e0e46000 rw-p 0001a000 08:07 1444164                    /usr/lib/jvm/jdk1.7.0_10/jre/lib/amd64/libzip.so
7fa4e0e46000-7fa4e0e52000 r-xp 00000000 08:08 261620                     /lib/x86_64-linux-gnu/libnss_files-2.15.so
7fa4e0e52000-7fa4e1051000 ---p 0000c000 08:08 261620                     /lib/x86_64-linux-gnu/libnss_files-2.15.so
7fa4e1051000-7fa4e1052000 r--p 0000b000 08:08 261620                     /lib/x86_64-linux-gnu/libnss_files-2.15.so
7fa4e1052000-7fa4e1053000 rw-p 0000c000 08:08 261620                     /lib/x86_64-linux-gnu/libnss_files-2.15.so
7fa4e1053000-7fa4e105d000 r-xp 00000000 08:08 261605                     /lib/x86_64-linux-gnu/libnss_nis-2.15.so
7fa4e105d000-7fa4e125d000 ---p 0000a000 08:08 261605                     /lib/x86_64-linux-gnu/libnss_nis-2.15.so
7fa4e125d000-7fa4e125e000 r--p 0000a000 08:08 261605                     /lib/x86_64-linux-gnu/libnss_nis-2.15.so
7fa4e125e000-7fa4e125f000 rw-p 0000b000 08:08 261605                     /lib/x86_64-linux-gnu/libnss_nis-2.15.so
7fa4e125f000-7fa4e1276000 r-xp 00000000 08:08 261632                     /lib/x86_64-linux-gnu/libnsl-2.15.so
7fa4e1276000-7fa4e1475000 ---p 00017000 08:08 261632                     /lib/x86_64-linux-gnu/libnsl-2.15.so
7fa4e1475000-7fa4e1476000 r--p 00016000 08:08 261632                     /lib/x86_64-linux-gnu/libnsl-2.15.so
7fa4e1476000-7fa4e1477000 rw-p 00017000 08:08 261632                     /lib/x86_64-linux-gnu/libnsl-2.15.so
7fa4e1477000-7fa4e1479000 rw-p 00000000 00:00 0 
7fa4e1479000-7fa4e1481000 r-xp 00000000 08:08 261621                     /lib/x86_64-linux-gnu/libnss_compat-2.15.so
7fa4e1481000-7fa4e1680000 ---p 00008000 08:08 261621                     /lib/x86_64-linux-gnu/libnss_compat-2.15.so
7fa4e1680000-7fa4e1681000 r--p 00007000 08:08 261621                     /lib/x86_64-linux-gnu/libnss_compat-2.15.so
7fa4e1681000-7fa4e1682000 rw-p 00008000 08:08 261621                     /lib/x86_64-linux-gnu/libnss_compat-2.15.so
7fa4e1682000-7fa4e16ab000 r-xp 00000000 08:07 1444126                    /usr/lib/jvm/jdk1.7.0_10/jre/lib/amd64/libjava.so
7fa4e16ab000-7fa4e18ab000 ---p 00029000 08:07 1444126                    /usr/lib/jvm/jdk1.7.0_10/jre/lib/amd64/libjava.so
7fa4e18ab000-7fa4e18ad000 rw-p 00029000 08:07 1444126                    /usr/lib/jvm/jdk1.7.0_10/jre/lib/amd64/libjava.so
7fa4e18ad000-7fa4e18ba000 r-xp 00000000 08:07 1444135                    /usr/lib/jvm/jdk1.7.0_10/jre/lib/amd64/libverify.so
7fa4e18ba000-7fa4e1ab9000 ---p 0000d000 08:07 1444135                    /usr/lib/jvm/jdk1.7.0_10/jre/lib/amd64/libverify.so
7fa4e1ab9000-7fa4e1abb000 rw-p 0000c000 08:07 1444135                    /usr/lib/jvm/jdk1.7.0_10/jre/lib/amd64/libverify.so
7fa4e1abb000-7fa4e1ac2000 r-xp 00000000 08:08 261603                     /lib/x86_64-linux-gnu/librt-2.15.so
7fa4e1ac2000-7fa4e1cc1000 ---p 00007000 08:08 261603                     /lib/x86_64-linux-gnu/librt-2.15.so
7fa4e1cc1000-7fa4e1cc2000 r--p 00006000 08:08 261603                     /lib/x86_64-linux-gnu/librt-2.15.so
7fa4e1cc2000-7fa4e1cc3000 rw-p 00007000 08:08 261603                     /lib/x86_64-linux-gnu/librt-2.15.so
7fa4e1cc3000-7fa4e1dbe000 r-xp 00000000 08:08 261614                     /lib/x86_64-linux-gnu/libm-2.15.so
7fa4e1dbe000-7fa4e1fbd000 ---p 000fb000 08:08 261614                     /lib/x86_64-linux-gnu/libm-2.15.so
7fa4e1fbd000-7fa4e1fbe000 r--p 000fa000 08:08 261614                     /lib/x86_64-linux-gnu/libm-2.15.so
7fa4e1fbe000-7fa4e1fbf000 rw-p 000fb000 08:08 261614                     /lib/x86_64-linux-gnu/libm-2.15.so
7fa4e1fbf000-7fa4e2a06000 r-xp 00000000 08:07 1444144                    /usr/lib/jvm/jdk1.7.0_10/jre/lib/amd64/server/libjvm.so
7fa4e2a06000-7fa4e2c06000 ---p 00a47000 08:07 1444144                    /usr/lib/jvm/jdk1.7.0_10/jre/lib/amd64/server/libjvm.so
7fa4e2c06000-7fa4e2ca9000 rw-p 00a47000 08:07 1444144                    /usr/lib/jvm/jdk1.7.0_10/jre/lib/amd64/server/libjvm.so
7fa4e2ca9000-7fa4e2ce5000 rw-p 00000000 00:00 0 
7fa4e2ce5000-7fa4e2e9a000 r-xp 00000000 08:08 261255                     /lib/x86_64-linux-gnu/libc-2.15.so
7fa4e2e9a000-7fa4e3099000 ---p 001b5000 08:08 261255                     /lib/x86_64-linux-gnu/libc-2.15.so
7fa4e3099000-7fa4e309d000 r--p 001b4000 08:08 261255                     /lib/x86_64-linux-gnu/libc-2.15.so
7fa4e309d000-7fa4e309f000 rw-p 001b8000 08:08 261255                     /lib/x86_64-linux-gnu/libc-2.15.so
7fa4e309f000-7fa4e30a4000 rw-p 00000000 00:00 0 
7fa4e30a4000-7fa4e30a6000 r-xp 00000000 08:08 261254                     /lib/x86_64-linux-gnu/libdl-2.15.so
7fa4e30a6000-7fa4e32a6000 ---p 00002000 08:08 261254                     /lib/x86_64-linux-gnu/libdl-2.15.so
7fa4e32a6000-7fa4e32a7000 r--p 00002000 08:08 261254                     /lib/x86_64-linux-gnu/libdl-2.15.so
7fa4e32a7000-7fa4e32a8000 rw-p 00003000 08:08 261254                     /lib/x86_64-linux-gnu/libdl-2.15.so
7fa4e32a8000-7fa4e32be000 r-xp 00000000 08:07 1444140                    /usr/lib/jvm/jdk1.7.0_10/jre/lib/amd64/jli/libjli.so
7fa4e32be000-7fa4e34be000 ---p 00016000 08:07 1444140                    /usr/lib/jvm/jdk1.7.0_10/jre/lib/amd64/jli/libjli.so
7fa4e34be000-7fa4e34bf000 rw-p 00016000 08:07 1444140                    /usr/lib/jvm/jdk1.7.0_10/jre/lib/amd64/jli/libjli.so
7fa4e34bf000-7fa4e34d7000 r-xp 00000000 08:08 261271                     /lib/x86_64-linux-gnu/libpthread-2.15.so
7fa4e34d7000-7fa4e36d6000 ---p 00018000 08:08 261271                     /lib/x86_64-linux-gnu/libpthread-2.15.so
7fa4e36d6000-7fa4e36d7000 r--p 00017000 08:08 261271                     /lib/x86_64-linux-gnu/libpthread-2.15.so
7fa4e36d7000-7fa4e36d8000 rw-p 00018000 08:08 261271                     /lib/x86_64-linux-gnu/libpthread-2.15.so
7fa4e36d8000-7fa4e36dc000 rw-p 00000000 00:00 0 
7fa4e36dc000-7fa4e36fe000 r-xp 00000000 08:08 261627                     /lib/x86_64-linux-gnu/ld-2.15.so
7fa4e36ff000-7fa4e372a000 rw-p 00000000 00:00 0 
7fa4e372a000-7fa4e37e0000 rw-p 00000000 00:00 0 
7fa4e37e0000-7fa4e37e3000 ---p 00000000 00:00 0 
7fa4e37e3000-7fa4e38e5000 rw-p 00000000 00:00 0 
7fa4e38f0000-7fa4e38f2000 rw-p 00000000 00:00 0 
7fa4e38f2000-7fa4e38fa000 rw-s 00000000 08:08 653291                     /tmp/hsperfdata_jinzz/3951
7fa4e38fa000-7fa4e38fb000 rw-p 00000000 00:00 0 
7fa4e38fb000-7fa4e38fc000 r--p 00000000 00:00 0 
7fa4e38fc000-7fa4e38fe000 rw-p 00000000 00:00 0 
7fa4e38fe000-7fa4e38ff000 r--p 00022000 08:08 261627                     /lib/x86_64-linux-gnu/ld-2.15.so
7fa4e38ff000-7fa4e3901000 rw-p 00023000 08:08 261627                     /lib/x86_64-linux-gnu/ld-2.15.so
7fff746ab000-7fff746cc000 rw-p 00000000 00:00 0                          [stack]
7fff74791000-7fff74792000 r-xp 00000000 00:00 0                          [vdso]
ffffffffff600000-ffffffffff601000 r-xp 00000000 00:00 0                  [vsyscall]

VM Arguments:
jvm_args: -Dfile.encoding=UTF-8 -Xbootclasspath:/home/jinzz/android-sdks/platforms/android-10/android.jar 
java_command: Test
Launcher Type: SUN_STANDARD

Environment Variables:
JAVA_HOME=/usr/lib/jvm/jdk1.7.0_10
JRE_HOME=/usr/lib/jvm/jdk1.7.0_10/jre
CLASSPATH=.:/usr/lib/jvm/jdk1.7.0_10/lib:/usr/lib/jvm/jdk1.7.0_10/jre/lib
PATH=/usr/local/bin:/usr/bin:/bin:/usr/games:/usr/lib/jvm/jdk1.7.0_10/bin:/home/jinzz/android-sdks/tools:/home/jinzz/android-sdks/platform-tools
USERNAME=jinzz
SHELL=/bin/bash
DISPLAY=:0

Signal Handlers:
SIGSEGV: [libjvm.so+0x8a5c80], sa_mask[0]=0x7ffbfeff, sa_flags=0x10000004
SIGBUS: [libjvm.so+0x8a5c80], sa_mask[0]=0x7ffbfeff, sa_flags=0x10000004
SIGFPE: [libjvm.so+0x741d60], sa_mask[0]=0x7ffbfeff, sa_flags=0x10000004
SIGPIPE: [libjvm.so+0x741d60], sa_mask[0]=0x7ffbfeff, sa_flags=0x10000004
SIGXFSZ: [libjvm.so+0x741d60], sa_mask[0]=0x7ffbfeff, sa_flags=0x10000004
SIGILL: [libjvm.so+0x741d60], sa_mask[0]=0x7ffbfeff, sa_flags=0x10000004
SIGUSR1: SIG_DFL, sa_mask[0]=0x00000000, sa_flags=0x00000000
SIGUSR2: [libjvm.so+0x7416b0], sa_mask[0]=0x00000004, sa_flags=0x10000004
SIGHUP: SIG_DFL, sa_mask[0]=0x00000000, sa_flags=0x00000000
SIGINT: SIG_DFL, sa_mask[0]=0x00000000, sa_flags=0x00000000
SIGTERM: SIG_DFL, sa_mask[0]=0x00000000, sa_flags=0x00000000
SIGQUIT: SIG_DFL, sa_mask[0]=0x00000000, sa_flags=0x00000000


---------------  S Y S T E M  ---------------

OS:wheezy/sid

uname:Linux 3.2.0-54-generic #82-Ubuntu SMP Tue Sep 10 20:08:42 UTC 2013 x86_64
libc:glibc 2.15 NPTL 2.15 
rlimit: STACK 8192k, CORE 0k, NPROC 29823, NOFILE 4096, AS infinity
load average:0.12 0.17 0.15

/proc/meminfo:
MemTotal:        3835064 kB
MemFree:          452524 kB
Buffers:          149280 kB
Cached:          1641128 kB
SwapCached:          544 kB
Active:          1996080 kB
Inactive:        1146256 kB
Active(anon):    1238612 kB
Inactive(anon):   376804 kB
Active(file):     757468 kB
Inactive(file):   769452 kB
Unevictable:           0 kB
Mlocked:               0 kB
SwapTotal:        999420 kB
SwapFree:         993028 kB
Dirty:               292 kB
Writeback:             0 kB
AnonPages:       1351744 kB
Mapped:           169364 kB
Shmem:            263488 kB
Slab:             135444 kB
SReclaimable:     106108 kB
SUnreclaim:        29336 kB
KernelStack:        3600 kB
PageTables:        25912 kB
NFS_Unstable:          0 kB
Bounce:                0 kB
WritebackTmp:          0 kB
CommitLimit:     2916952 kB
Committed_AS:    3219816 kB
VmallocTotal:   34359738367 kB
VmallocUsed:      600496 kB
VmallocChunk:   34359128584 kB
HardwareCorrupted:     0 kB
AnonHugePages:         0 kB
HugePages_Total:       0
HugePages_Free:        0
HugePages_Rsvd:        0
HugePages_Surp:        0
Hugepagesize:       2048 kB
DirectMap4k:       68480 kB
DirectMap2M:     3909632 kB


CPU:total 4 (2 cores per cpu, 2 threads per core) family 6 model 37 stepping 5, cmov, cx8, fxsr, mmx, sse, sse2, sse3, ssse3, sse4.1, sse4.2, popcnt, ht, tsc, tscinvbit

/proc/cpuinfo:
processor	: 0
vendor_id	: GenuineIntel
cpu family	: 6
model		: 37
model name	: Intel(R) Core(TM) i3 CPU       M 380  @ 2.53GHz
stepping	: 5
microcode	: 0x2
cpu MHz		: 2533.000
cache size	: 3072 KB
physical id	: 0
siblings	: 4
core id		: 0
cpu cores	: 2
apicid		: 0
initial apicid	: 0
fpu		: yes
fpu_exception	: yes
cpuid level	: 11
wp		: yes
flags		: fpu vme de pse tsc msr pae mce cx8 apic sep mtrr pge mca cmov pat pse36 clflush dts acpi mmx fxsr sse sse2 ss ht tm pbe syscall nx rdtscp lm constant_tsc arch_perfmon pebs bts rep_good nopl xtopology nonstop_tsc aperfmperf pni dtes64 monitor ds_cpl vmx est tm2 ssse3 cx16 xtpr pdcm pcid sse4_1 sse4_2 popcnt lahf_lm arat dtherm tpr_shadow vnmi flexpriority ept vpid
bogomips	: 5786.52
clflush size	: 64
cache_alignment	: 64
address sizes	: 36 bits physical, 48 bits virtual
power management:

processor	: 1
vendor_id	: GenuineIntel
cpu family	: 6
model		: 37
model name	: Intel(R) Core(TM) i3 CPU       M 380  @ 2.53GHz
stepping	: 5
microcode	: 0x2
cpu MHz		: 933.000
cache size	: 3072 KB
physical id	: 0
siblings	: 4
core id		: 2
cpu cores	: 2
apicid		: 4
initial apicid	: 4
fpu		: yes
fpu_exception	: yes
cpuid level	: 11
wp		: yes
flags		: fpu vme de pse tsc msr pae mce cx8 apic sep mtrr pge mca cmov pat pse36 clflush dts acpi mmx fxsr sse sse2 ss ht tm pbe syscall nx rdtscp lm constant_tsc arch_perfmon pebs bts rep_good nopl xtopology nonstop_tsc aperfmperf pni dtes64 monitor ds_cpl vmx est tm2 ssse3 cx16 xtpr pdcm pcid sse4_1 sse4_2 popcnt lahf_lm arat dtherm tpr_shadow vnmi flexpriority ept vpid
bogomips	: 5786.69
clflush size	: 64
cache_alignment	: 64
address sizes	: 36 bits physical, 48 bits virtual
power management:

processor	: 2
vendor_id	: GenuineIntel
cpu family	: 6
model		: 37
model name	: Intel(R) Core(TM) i3 CPU       M 380  @ 2.53GHz
stepping	: 5
microcode	: 0x2
cpu MHz		: 1733.000
cache size	: 3072 KB
physical id	: 0
siblings	: 4
core id		: 0
cpu cores	: 2
apicid		: 1
initial apicid	: 1
fpu		: yes
fpu_exception	: yes
cpuid level	: 11
wp		: yes
flags		: fpu vme de pse tsc msr pae mce cx8 apic sep mtrr pge mca cmov pat pse36 clflush dts acpi mmx fxsr sse sse2 ss ht tm pbe syscall nx rdtscp lm constant_tsc arch_perfmon pebs bts rep_good nopl xtopology nonstop_tsc aperfmperf pni dtes64 monitor ds_cpl vmx est tm2 ssse3 cx16 xtpr pdcm pcid sse4_1 sse4_2 popcnt lahf_lm arat dtherm tpr_shadow vnmi flexpriority ept vpid
bogomips	: 5786.68
clflush size	: 64
cache_alignment	: 64
address sizes	: 36 bits physical, 48 bits virtual
power management:

processor	: 3
vendor_id	: GenuineIntel
cpu family	: 6
model		: 37
model name	: Intel(R) Core(TM) i3 CPU       M 380  @ 2.53GHz
stepping	: 5
microcode	: 0x2
cpu MHz		: 2533.000
cache size	: 3072 KB
physical id	: 0
siblings	: 4
core id		: 2
cpu cores	: 2
apicid		: 5
initial apicid	: 5
fpu		: yes
fpu_exception	: yes
cpuid level	: 11
wp		: yes
flags		: fpu vme de pse tsc msr pae mce cx8 apic sep mtrr pge mca cmov pat pse36 clflush dts acpi mmx fxsr sse sse2 ss ht tm pbe syscall nx rdtscp lm constant_tsc arch_perfmon pebs bts rep_good nopl xtopology nonstop_tsc aperfmperf pni dtes64 monitor ds_cpl vmx est tm2 ssse3 cx16 xtpr pdcm pcid sse4_1 sse4_2 popcnt lahf_lm arat dtherm tpr_shadow vnmi flexpriority ept vpid
bogomips	: 5786.68
clflush size	: 64
cache_alignment	: 64
address sizes	: 36 bits physical, 48 bits virtual
power management:



Memory: 4k page, physical 3835064k(452524k free), swap 999420k(993028k free)

vm_info: Java HotSpot(TM) 64-Bit Server VM (23.6-b04) for linux-amd64 JRE (1.7.0_10-b18), built on Nov 28 2012 03:39:52 by "java_re" with gcc 4.3.0 20080428 (Red Hat 4.3.0-8)

time: Sun Oct  6 01:16:45 2013
elapsed time: 0 seconds

