#
# A fatal error has been detected by the Java Runtime Environment:
#
#  Internal Error (javaClasses.cpp:129), pid=4099, tid=139810027452160
#  fatal error: Invalid layout of preloaded class
#
# JRE version: 7.0_10-b18
# Java VM: Java HotSpot(TM) 64-Bit Server VM (23.6-b04 mixed mode linux-amd64 compressed oops)
# Failed to write core dump. Core dumps have been disabled. To enable core dumping, try "ulimit -c unlimited" before starting Java again
#
# If you would like to submit a bug report, please visit:
#   http://bugreport.sun.com/bugreport/crash.jsp
#

---------------  T H R E A D  ---------------

Current thread (0x00007f2808009000):  JavaThread "Unknown thread" [_thread_in_vm, id=4104, stack(0x00007f280ef5b000,0x00007f280f05c000)]

Stack: [0x00007f280ef5b000,0x00007f280f05c000],  sp=0x00007f280f05a7e0,  free space=1021k
Native frames: (J=compiled Java code, j=interpreted, Vv=VM code, C=native code)
V  [libjvm.so+0x8a531a]  VMError::report_and_die()+0x2ea
V  [libjvm.so+0x40aeb9]  report_fatal(char const*, int, char const*)+0x59
V  [libjvm.so+0x5558f7]  compute_offset(int&, klassOopDesc*, Symbol*, Symbol*, bool)+0x137
V  [libjvm.so+0x556ab9]  java_lang_String::compute_offsets()+0x39
V  [libjvm.so+0x8343d3]  SystemDictionary::initialize_preloaded_classes(Thread*)+0x143
V  [libjvm.so+0x880514]  Universe::genesis(Thread*)+0x474
V  [libjvm.so+0x8809c4]  universe2_init()+0x24
V  [libjvm.so+0x503d0d]  init_globals()+0xbd
V  [libjvm.so+0x866f62]  Threads::create_vm(JavaVMInitArgs*, bool*)+0x1e2
V  [libjvm.so+0x563bc4]  JNI_CreateJavaVM+0x74
C  [libjli.so+0x2f8e]  JavaMain+0x9e


---------------  P R O C E S S  ---------------

Java Threads: ( => current thread )

Other Threads:

=>0x00007f2808009000 (exited) JavaThread "Unknown thread" [_thread_in_vm, id=4104, stack(0x00007f280ef5b000,0x00007f280f05c000)]

VM state:not at safepoint (not fully initialized)

VM Mutex/Monitor currently owned by a thread: None

GC Heap History (0 events):
No events

Deoptimization events (0 events):
No events

Internal exceptions (0 events):
No events

Events (10 events):
Event: 0.006 loading class 0x00007f280802a9c0 done
Event: 0.006 loading class 0x00007f280802a260 done
Event: 0.006 loading class 0x00007f280802a230
Event: 0.006 loading class 0x00007f28080538a0
Event: 0.006 loading class 0x00007f28080538a0 done
Event: 0.006 loading class 0x00007f28080538e0
Event: 0.006 loading class 0x00007f28080538e0 done
Event: 0.006 loading class 0x00007f2808053920
Event: 0.006 loading class 0x00007f2808053920 done
Event: 0.006 loading class 0x00007f280802a230 done


Dynamic libraries:
00400000-00401000 r-xp 00000000 08:07 1576962                            /usr/lib/jvm/jdk1.7.0_10/bin/java
00600000-00601000 rw-p 00000000 08:07 1576962                            /usr/lib/jvm/jdk1.7.0_10/bin/java
01990000-019b1000 rw-p 00000000 00:00 0                                  [heap]
c0400000-c18c0000 rw-p 00000000 00:00 0 
c18c0000-c5600000 rw-p 00000000 00:00 0 
c5600000-c7d10000 rw-p 00000000 00:00 0 
c7d10000-ec760000 rw-p 00000000 00:00 0 
ec760000-edae0000 rw-p 00000000 00:00 0 
edae0000-100000000 rw-p 00000000 00:00 0 
7f27e8000000-7f27e8021000 rw-p 00000000 00:00 0 
7f27e8021000-7f27ec000000 ---p 00000000 00:00 0 
7f27f0000000-7f27f0021000 rw-p 00000000 00:00 0 
7f27f0021000-7f27f4000000 ---p 00000000 00:00 0 
7f27f8000000-7f27f8021000 rw-p 00000000 00:00 0 
7f27f8021000-7f27fc000000 ---p 00000000 00:00 0 
7f27fe020000-7f2800000000 rw-p 00000000 00:00 0 
7f2800000000-7f2800021000 rw-p 00000000 00:00 0 
7f2800021000-7f2804000000 ---p 00000000 00:00 0 
7f2804176000-7f280438e000 rw-p 00000000 00:00 0 
7f280438e000-7f2804404000 r--s 00902000 08:0a 792149                     /home/jinzz/android-sdks/platforms/android-10/android.jar
7f2804404000-7f2804bfc000 rw-p 00000000 00:00 0 
7f2804bfc000-7f2804bfd000 ---p 00000000 00:00 0 
7f2804bfd000-7f2804cfd000 rw-p 00000000 00:00 0 
7f2804cfd000-7f2804cfe000 ---p 00000000 00:00 0 
7f2804cfe000-7f2804dfe000 rw-p 00000000 00:00 0 
7f2804dfe000-7f2804dff000 ---p 00000000 00:00 0 
7f2804dff000-7f2804eff000 rw-p 00000000 00:00 0 
7f2804eff000-7f2804f00000 ---p 00000000 00:00 0 
7f2804f00000-7f2805000000 rw-p 00000000 00:00 0 
7f2805000000-7f2805270000 rwxp 00000000 00:00 0 
7f2805270000-7f280805d000 rw-p 00000000 00:00 0 
7f280805d000-7f280c000000 ---p 00000000 00:00 0 
7f280c01d000-7f280c050000 rw-p 00000000 00:00 0 
7f280c050000-7f280c06e000 rw-p 00000000 00:00 0 
7f280c06e000-7f280c082000 rw-p 00000000 00:00 0 
7f280c082000-7f280c1a7000 rw-p 00000000 00:00 0 
7f280c1a7000-7f280c1b2000 rw-p 00000000 00:00 0 
7f280c1b2000-7f280c1d0000 rw-p 00000000 00:00 0 
7f280c1d0000-7f280c1e4000 rw-p 00000000 00:00 0 
7f280c1e4000-7f280c308000 rw-p 00000000 00:00 0 
7f280c308000-7f280c313000 rw-p 00000000 00:00 0 
7f280c313000-7f280c3a5000 rw-p 00000000 00:00 0 
7f280c3a5000-7f280c3a6000 rw-p 00000000 00:00 0 
7f280c3a6000-7f280c3c0000 r-xp 00000000 08:07 1444164                    /usr/lib/jvm/jdk1.7.0_10/jre/lib/amd64/libzip.so
7f280c3c0000-7f280c5c0000 ---p 0001a000 08:07 1444164                    /usr/lib/jvm/jdk1.7.0_10/jre/lib/amd64/libzip.so
7f280c5c0000-7f280c5c1000 rw-p 0001a000 08:07 1444164                    /usr/lib/jvm/jdk1.7.0_10/jre/lib/amd64/libzip.so
7f280c5c1000-7f280c5cd000 r-xp 00000000 08:08 261620                     /lib/x86_64-linux-gnu/libnss_files-2.15.so
7f280c5cd000-7f280c7cc000 ---p 0000c000 08:08 261620                     /lib/x86_64-linux-gnu/libnss_files-2.15.so
7f280c7cc000-7f280c7cd000 r--p 0000b000 08:08 261620                     /lib/x86_64-linux-gnu/libnss_files-2.15.so
7f280c7cd000-7f280c7ce000 rw-p 0000c000 08:08 261620                     /lib/x86_64-linux-gnu/libnss_files-2.15.so
7f280c7ce000-7f280c7d8000 r-xp 00000000 08:08 261605                     /lib/x86_64-linux-gnu/libnss_nis-2.15.so
7f280c7d8000-7f280c9d8000 ---p 0000a000 08:08 261605                     /lib/x86_64-linux-gnu/libnss_nis-2.15.so
7f280c9d8000-7f280c9d9000 r--p 0000a000 08:08 261605                     /lib/x86_64-linux-gnu/libnss_nis-2.15.so
7f280c9d9000-7f280c9da000 rw-p 0000b000 08:08 261605                     /lib/x86_64-linux-gnu/libnss_nis-2.15.so
7f280c9da000-7f280c9f1000 r-xp 00000000 08:08 261632                     /lib/x86_64-linux-gnu/libnsl-2.15.so
7f280c9f1000-7f280cbf0000 ---p 00017000 08:08 261632                     /lib/x86_64-linux-gnu/libnsl-2.15.so
7f280cbf0000-7f280cbf1000 r--p 00016000 08:08 261632                     /lib/x86_64-linux-gnu/libnsl-2.15.so
7f280cbf1000-7f280cbf2000 rw-p 00017000 08:08 261632                     /lib/x86_64-linux-gnu/libnsl-2.15.so
7f280cbf2000-7f280cbf4000 rw-p 00000000 00:00 0 
7f280cbf4000-7f280cbfc000 r-xp 00000000 08:08 261621                     /lib/x86_64-linux-gnu/libnss_compat-2.15.so
7f280cbfc000-7f280cdfb000 ---p 00008000 08:08 261621                     /lib/x86_64-linux-gnu/libnss_compat-2.15.so
7f280cdfb000-7f280cdfc000 r--p 00007000 08:08 261621                     /lib/x86_64-linux-gnu/libnss_compat-2.15.so
7f280cdfc000-7f280cdfd000 rw-p 00008000 08:08 261621                     /lib/x86_64-linux-gnu/libnss_compat-2.15.so
7f280cdfd000-7f280ce26000 r-xp 00000000 08:07 1444126                    /usr/lib/jvm/jdk1.7.0_10/jre/lib/amd64/libjava.so
7f280ce26000-7f280d026000 ---p 00029000 08:07 1444126                    /usr/lib/jvm/jdk1.7.0_10/jre/lib/amd64/libjava.so
7f280d026000-7f280d028000 rw-p 00029000 08:07 1444126                    /usr/lib/jvm/jdk1.7.0_10/jre/lib/amd64/libjava.so
7f280d028000-7f280d035000 r-xp 00000000 08:07 1444135                    /usr/lib/jvm/jdk1.7.0_10/jre/lib/amd64/libverify.so
7f280d035000-7f280d234000 ---p 0000d000 08:07 1444135                    /usr/lib/jvm/jdk1.7.0_10/jre/lib/amd64/libverify.so
7f280d234000-7f280d236000 rw-p 0000c000 08:07 1444135                    /usr/lib/jvm/jdk1.7.0_10/jre/lib/amd64/libverify.so
7f280d236000-7f280d23d000 r-xp 00000000 08:08 261603                     /lib/x86_64-linux-gnu/librt-2.15.so
7f280d23d000-7f280d43c000 ---p 00007000 08:08 261603                     /lib/x86_64-linux-gnu/librt-2.15.so
7f280d43c000-7f280d43d000 r--p 00006000 08:08 261603                     /lib/x86_64-linux-gnu/librt-2.15.so
7f280d43d000-7f280d43e000 rw-p 00007000 08:08 261603                     /lib/x86_64-linux-gnu/librt-2.15.so
7f280d43e000-7f280d539000 r-xp 00000000 08:08 261614                     /lib/x86_64-linux-gnu/libm-2.15.so
7f280d539000-7f280d738000 ---p 000fb000 08:08 261614                     /lib/x86_64-linux-gnu/libm-2.15.so
7f280d738000-7f280d739000 r--p 000fa000 08:08 261614                     /lib/x86_64-linux-gnu/libm-2.15.so
7f280d739000-7f280d73a000 rw-p 000fb000 08:08 261614                     /lib/x86_64-linux-gnu/libm-2.15.so
7f280d73a000-7f280e181000 r-xp 00000000 08:07 1444144                    /usr/lib/jvm/jdk1.7.0_10/jre/lib/amd64/server/libjvm.so
7f280e181000-7f280e381000 ---p 00a47000 08:07 1444144                    /usr/lib/jvm/jdk1.7.0_10/jre/lib/amd64/server/libjvm.so
7f280e381000-7f280e424000 rw-p 00a47000 08:07 1444144                    /usr/lib/jvm/jdk1.7.0_10/jre/lib/amd64/server/libjvm.so
7f280e424000-7f280e460000 rw-p 00000000 00:00 0 
7f280e460000-7f280e615000 r-xp 00000000 08:08 261255                     /lib/x86_64-linux-gnu/libc-2.15.so
7f280e615000-7f280e814000 ---p 001b5000 08:08 261255                     /lib/x86_64-linux-gnu/libc-2.15.so
7f280e814000-7f280e818000 r--p 001b4000 08:08 261255                     /lib/x86_64-linux-gnu/libc-2.15.so
7f280e818000-7f280e81a000 rw-p 001b8000 08:08 261255                     /lib/x86_64-linux-gnu/libc-2.15.so
7f280e81a000-7f280e81f000 rw-p 00000000 00:00 0 
7f280e81f000-7f280e821000 r-xp 00000000 08:08 261254                     /lib/x86_64-linux-gnu/libdl-2.15.so
7f280e821000-7f280ea21000 ---p 00002000 08:08 261254                     /lib/x86_64-linux-gnu/libdl-2.15.so
7f280ea21000-7f280ea22000 r--p 00002000 08:08 261254                     /lib/x86_64-linux-gnu/libdl-2.15.so
7f280ea22000-7f280ea23000 rw-p 00003000 08:08 261254                     /lib/x86_64-linux-gnu/libdl-2.15.so
7f280ea23000-7f280ea39000 r-xp 00000000 08:07 1444140                    /usr/lib/jvm/jdk1.7.0_10/jre/lib/amd64/jli/libjli.so
7f280ea39000-7f280ec39000 ---p 00016000 08:07 1444140                    /usr/lib/jvm/jdk1.7.0_10/jre/lib/amd64/jli/libjli.so
7f280ec39000-7f280ec3a000 rw-p 00016000 08:07 1444140                    /usr/lib/jvm/jdk1.7.0_10/jre/lib/amd64/jli/libjli.so
7f280ec3a000-7f280ec52000 r-xp 00000000 08:08 261271                     /lib/x86_64-linux-gnu/libpthread-2.15.so
7f280ec52000-7f280ee51000 ---p 00018000 08:08 261271                     /lib/x86_64-linux-gnu/libpthread-2.15.so
7f280ee51000-7f280ee52000 r--p 00017000 08:08 261271                     /lib/x86_64-linux-gnu/libpthread-2.15.so
7f280ee52000-7f280ee53000 rw-p 00018000 08:08 261271                     /lib/x86_64-linux-gnu/libpthread-2.15.so
7f280ee53000-7f280ee57000 rw-p 00000000 00:00 0 
7f280ee57000-7f280ee79000 r-xp 00000000 08:08 261627                     /lib/x86_64-linux-gnu/ld-2.15.so
7f280ee9b000-7f280eea5000 rw-p 00000000 00:00 0 
7f280eea5000-7f280ef5b000 rw-p 00000000 00:00 0 
7f280ef5b000-7f280ef5e000 ---p 00000000 00:00 0 
7f280ef5e000-7f280f060000 rw-p 00000000 00:00 0 
7f280f06b000-7f280f06d000 rw-p 00000000 00:00 0 
7f280f06d000-7f280f075000 rw-s 00000000 08:08 653291                     /tmp/hsperfdata_jinzz/4099
7f280f075000-7f280f076000 rw-p 00000000 00:00 0 
7f280f076000-7f280f077000 r--p 00000000 00:00 0 
7f280f077000-7f280f079000 rw-p 00000000 00:00 0 
7f280f079000-7f280f07a000 r--p 00022000 08:08 261627                     /lib/x86_64-linux-gnu/ld-2.15.so
7f280f07a000-7f280f07c000 rw-p 00023000 08:08 261627                     /lib/x86_64-linux-gnu/ld-2.15.so
7fff753ee000-7fff7540f000 rw-p 00000000 00:00 0                          [stack]
7fff754c2000-7fff754c3000 r-xp 00000000 00:00 0                          [vdso]
ffffffffff600000-ffffffffff601000 r-xp 00000000 00:00 0                  [vsyscall]

VM Arguments:
jvm_args: -Dfile.encoding=UTF-8 -Xbootclasspath:/home/jinzz/android-sdks/platforms/android-10/android.jar 
java_command: Test
Launcher Type: SUN_STANDARD

Environment Variables:
JAVA_HOME=/usr/lib/jvm/jdk1.7.0_10
JRE_HOME=/usr/lib/jvm/jdk1.7.0_10/jre
CLASSPATH=.:/usr/lib/jvm/jdk1.7.0_10/lib:/usr/lib/jvm/jdk1.7.0_10/jre/lib
PATH=/usr/local/bin:/usr/bin:/bin:/usr/games:/usr/lib/jvm/jdk1.7.0_10/bin:/home/jinzz/android-sdks/tools:/home/jinzz/android-sdks/platform-tools
USERNAME=jinzz
SHELL=/bin/bash
DISPLAY=:0

Signal Handlers:
SIGSEGV: [libjvm.so+0x8a5c80], sa_mask[0]=0x7ffbfeff, sa_flags=0x10000004
SIGBUS: [libjvm.so+0x8a5c80], sa_mask[0]=0x7ffbfeff, sa_flags=0x10000004
SIGFPE: [libjvm.so+0x741d60], sa_mask[0]=0x7ffbfeff, sa_flags=0x10000004
SIGPIPE: [libjvm.so+0x741d60], sa_mask[0]=0x7ffbfeff, sa_flags=0x10000004
SIGXFSZ: [libjvm.so+0x741d60], sa_mask[0]=0x7ffbfeff, sa_flags=0x10000004
SIGILL: [libjvm.so+0x741d60], sa_mask[0]=0x7ffbfeff, sa_flags=0x10000004
SIGUSR1: SIG_DFL, sa_mask[0]=0x00000000, sa_flags=0x00000000
SIGUSR2: [libjvm.so+0x7416b0], sa_mask[0]=0x00000004, sa_flags=0x10000004
SIGHUP: SIG_DFL, sa_mask[0]=0x00000000, sa_flags=0x00000000
SIGINT: SIG_DFL, sa_mask[0]=0x00000000, sa_flags=0x00000000
SIGTERM: SIG_DFL, sa_mask[0]=0x00000000, sa_flags=0x00000000
SIGQUIT: SIG_DFL, sa_mask[0]=0x00000000, sa_flags=0x00000000


---------------  S Y S T E M  ---------------

OS:wheezy/sid

uname:Linux 3.2.0-54-generic #82-Ubuntu SMP Tue Sep 10 20:08:42 UTC 2013 x86_64
libc:glibc 2.15 NPTL 2.15 
rlimit: STACK 8192k, CORE 0k, NPROC 29823, NOFILE 4096, AS infinity
load average:0.16 0.18 0.16

/proc/meminfo:
MemTotal:        3835064 kB
MemFree:          459220 kB
Buffers:          149300 kB
Cached:          1631508 kB
SwapCached:          544 kB
Active:          1998504 kB
Inactive:        1136624 kB
Active(anon):    1241024 kB
Inactive(anon):   367144 kB
Active(file):     757480 kB
Inactive(file):   769480 kB
Unevictable:           0 kB
Mlocked:               0 kB
SwapTotal:        999420 kB
SwapFree:         993028 kB
Dirty:               168 kB
Writeback:             0 kB
AnonPages:       1354180 kB
Mapped:           169372 kB
Shmem:            253628 kB
Slab:             135420 kB
SReclaimable:     106060 kB
SUnreclaim:        29360 kB
KernelStack:        3616 kB
PageTables:        25852 kB
NFS_Unstable:          0 kB
Bounce:                0 kB
WritebackTmp:          0 kB
CommitLimit:     2916952 kB
Committed_AS:    3209140 kB
VmallocTotal:   34359738367 kB
VmallocUsed:      600464 kB
VmallocChunk:   34359128584 kB
HardwareCorrupted:     0 kB
AnonHugePages:         0 kB
HugePages_Total:       0
HugePages_Free:        0
HugePages_Rsvd:        0
HugePages_Surp:        0
Hugepagesize:       2048 kB
DirectMap4k:       68480 kB
DirectMap2M:     3909632 kB


CPU:total 4 (2 cores per cpu, 2 threads per core) family 6 model 37 stepping 5, cmov, cx8, fxsr, mmx, sse, sse2, sse3, ssse3, sse4.1, sse4.2, popcnt, ht, tsc, tscinvbit

/proc/cpuinfo:
processor	: 0
vendor_id	: GenuineIntel
cpu family	: 6
model		: 37
model name	: Intel(R) Core(TM) i3 CPU       M 380  @ 2.53GHz
stepping	: 5
microcode	: 0x2
cpu MHz		: 933.000
cache size	: 3072 KB
physical id	: 0
siblings	: 4
core id		: 0
cpu cores	: 2
apicid		: 0
initial apicid	: 0
fpu		: yes
fpu_exception	: yes
cpuid level	: 11
wp		: yes
flags		: fpu vme de pse tsc msr pae mce cx8 apic sep mtrr pge mca cmov pat pse36 clflush dts acpi mmx fxsr sse sse2 ss ht tm pbe syscall nx rdtscp lm constant_tsc arch_perfmon pebs bts rep_good nopl xtopology nonstop_tsc aperfmperf pni dtes64 monitor ds_cpl vmx est tm2 ssse3 cx16 xtpr pdcm pcid sse4_1 sse4_2 popcnt lahf_lm arat dtherm tpr_shadow vnmi flexpriority ept vpid
bogomips	: 5786.52
clflush size	: 64
cache_alignment	: 64
address sizes	: 36 bits physical, 48 bits virtual
power management:

processor	: 1
vendor_id	: GenuineIntel
cpu family	: 6
model		: 37
model name	: Intel(R) Core(TM) i3 CPU       M 380  @ 2.53GHz
stepping	: 5
microcode	: 0x2
cpu MHz		: 1199.000
cache size	: 3072 KB
physical id	: 0
siblings	: 4
core id		: 2
cpu cores	: 2
apicid		: 4
initial apicid	: 4
fpu		: yes
fpu_exception	: yes
cpuid level	: 11
wp		: yes
flags		: fpu vme de pse tsc msr pae mce cx8 apic sep mtrr pge mca cmov pat pse36 clflush dts acpi mmx fxsr sse sse2 ss ht tm pbe syscall nx rdtscp lm constant_tsc arch_perfmon pebs bts rep_good nopl xtopology nonstop_tsc aperfmperf pni dtes64 monitor ds_cpl vmx est tm2 ssse3 cx16 xtpr pdcm pcid sse4_1 sse4_2 popcnt lahf_lm arat dtherm tpr_shadow vnmi flexpriority ept vpid
bogomips	: 5786.69
clflush size	: 64
cache_alignment	: 64
address sizes	: 36 bits physical, 48 bits virtual
power management:

processor	: 2
vendor_id	: GenuineIntel
cpu family	: 6
model		: 37
model name	: Intel(R) Core(TM) i3 CPU       M 380  @ 2.53GHz
stepping	: 5
microcode	: 0x2
cpu MHz		: 2399.000
cache size	: 3072 KB
physical id	: 0
siblings	: 4
core id		: 0
cpu cores	: 2
apicid		: 1
initial apicid	: 1
fpu		: yes
fpu_exception	: yes
cpuid level	: 11
wp		: yes
flags		: fpu vme de pse tsc msr pae mce cx8 apic sep mtrr pge mca cmov pat pse36 clflush dts acpi mmx fxsr sse sse2 ss ht tm pbe syscall nx rdtscp lm constant_tsc arch_perfmon pebs bts rep_good nopl xtopology nonstop_tsc aperfmperf pni dtes64 monitor ds_cpl vmx est tm2 ssse3 cx16 xtpr pdcm pcid sse4_1 sse4_2 popcnt lahf_lm arat dtherm tpr_shadow vnmi flexpriority ept vpid
bogomips	: 5786.68
clflush size	: 64
cache_alignment	: 64
address sizes	: 36 bits physical, 48 bits virtual
power management:

processor	: 3
vendor_id	: GenuineIntel
cpu family	: 6
model		: 37
model name	: Intel(R) Core(TM) i3 CPU       M 380  @ 2.53GHz
stepping	: 5
microcode	: 0x2
cpu MHz		: 2533.000
cache size	: 3072 KB
physical id	: 0
siblings	: 4
core id		: 2
cpu cores	: 2
apicid		: 5
initial apicid	: 5
fpu		: yes
fpu_exception	: yes
cpuid level	: 11
wp		: yes
flags		: fpu vme de pse tsc msr pae mce cx8 apic sep mtrr pge mca cmov pat pse36 clflush dts acpi mmx fxsr sse sse2 ss ht tm pbe syscall nx rdtscp lm constant_tsc arch_perfmon pebs bts rep_good nopl xtopology nonstop_tsc aperfmperf pni dtes64 monitor ds_cpl vmx est tm2 ssse3 cx16 xtpr pdcm pcid sse4_1 sse4_2 popcnt lahf_lm arat dtherm tpr_shadow vnmi flexpriority ept vpid
bogomips	: 5786.68
clflush size	: 64
cache_alignment	: 64
address sizes	: 36 bits physical, 48 bits virtual
power management:



Memory: 4k page, physical 3835064k(459220k free), swap 999420k(993028k free)

vm_info: Java HotSpot(TM) 64-Bit Server VM (23.6-b04) for linux-amd64 JRE (1.7.0_10-b18), built on Nov 28 2012 03:39:52 by "java_re" with gcc 4.3.0 20080428 (Red Hat 4.3.0-8)

time: Sun Oct  6 01:17:02 2013
elapsed time: 0 seconds

